<?xml version="1.0" encoding="UTF-8"?>
<!-- Generated by org.testng.reporters.JUnitReportReporter -->
<testsuite skipped="0" hostname="rupamkum" name="com.training.sanity.tests.LoginTests" tests="1" failures="0" timestamp="01 Aug 2019 05:09:02 GMT" time="5.035" errors="0">
  <testcase name="validLoginTest" time="5.035" classname="com.training.sanity.tests.LoginTests"/>
</testsuite> <!-- com.training.sanity.tests.LoginTests -->
